<?xml version="1.0" encoding="UTF-8"?>
<!-- Generated by org.testng.reporters.JUnitReportReporter -->
<testsuite skipped="0" hostname="DELL" name="com.leafBot.testcases.TC001_LoginLogout" tests="2" failures="0" timestamp="08 Sep 2019 12:23:44 GMT" time="91.970" errors="0">
  <testcase name="runTC001" time="29.999" classname="com.leafBot.testcases.TC001_LoginLogout"/>
  <testcase name="runTC001" time="61.971" classname="com.leafBot.testcases.TC001_LoginLogout"/>
</testsuite> <!-- com.leafBot.testcases.TC001_LoginLogout -->
